0 info it worked if it ends with ok
1 verbose cli [ 'C:\\Program Files\\nodejs\\node.exe',
1 verbose cli   'C:\\Program Files\\nodejs\\node_modules\\npm\\bin\\npm-cli.js',
1 verbose cli   'install',
1 verbose cli   'zmq' ]
2 info using npm@3.10.9
3 info using node@v7.1.0
4 silly loadCurrentTree Starting
5 silly install loadCurrentTree
6 silly install readLocalPackageData
7 silly fetchPackageMetaData zmq
8 silly fetchNamedPackageData zmq
9 silly mapToRegistry name zmq
10 silly mapToRegistry using default registry
11 silly mapToRegistry registry https://registry.npm.taobao.org/
12 silly mapToRegistry data Result {
12 silly mapToRegistry   raw: 'zmq',
12 silly mapToRegistry   scope: null,
12 silly mapToRegistry   escapedName: 'zmq',
12 silly mapToRegistry   name: 'zmq',
12 silly mapToRegistry   rawSpec: '',
12 silly mapToRegistry   spec: 'latest',
12 silly mapToRegistry   type: 'tag' }
13 silly mapToRegistry uri https://registry.npm.taobao.org/zmq
14 verbose request uri https://registry.npm.taobao.org/zmq
15 verbose request no auth needed
16 info attempt registry request try #1 at 10:50:24
17 verbose request id 09618f91db17ee2f
18 http request GET https://registry.npm.taobao.org/zmq
19 http 200 https://registry.npm.taobao.org/zmq
20 verbose headers { date: 'Tue, 21 Mar 2017 02:48:37 GMT',
20 verbose headers   'content-type': 'application/json; charset=utf-8',
20 verbose headers   'content-length': '84604',
20 verbose headers   connection: 'keep-alive',
20 verbose headers   'x-current-requests': '1',
20 verbose headers   etag: '"14a7c-VvGGfxRdRQbRw/7VytNobg"',
20 verbose headers   'x-readtime': '41' }
21 silly get cb [ 200,
21 silly get   { date: 'Tue, 21 Mar 2017 02:48:37 GMT',
21 silly get     'content-type': 'application/json; charset=utf-8',
21 silly get     'content-length': '84604',
21 silly get     connection: 'keep-alive',
21 silly get     'x-current-requests': '1',
21 silly get     etag: '"14a7c-VvGGfxRdRQbRw/7VytNobg"',
21 silly get     'x-readtime': '41' } ]
22 verbose get saving zmq to C:\Users\75339\AppData\Roaming\npm-cache\registry.npm.taobao.org\zmq\.cache.json
23 verbose correctMkdir C:\Users\75339\AppData\Roaming\npm-cache correctMkdir not in flight; initializing
24 silly install normalizeTree
25 silly loadCurrentTree Finishing
26 silly loadIdealTree Starting
27 silly install loadIdealTree
28 silly cloneCurrentTree Starting
29 silly install cloneCurrentTreeToIdealTree
30 silly cloneCurrentTree Finishing
31 silly loadShrinkwrap Starting
32 silly install loadShrinkwrap
33 silly loadShrinkwrap Finishing
34 silly loadAllDepsIntoIdealTree Starting
35 silly install loadAllDepsIntoIdealTree
36 silly resolveWithNewModule zmq@2.15.3 checking installable status
37 silly cache add args [ 'zmq', null ]
38 verbose cache add spec zmq
39 silly cache add parsed spec Result {
39 silly cache add   raw: 'zmq',
39 silly cache add   scope: null,
39 silly cache add   escapedName: 'zmq',
39 silly cache add   name: 'zmq',
39 silly cache add   rawSpec: '',
39 silly cache add   spec: 'latest',
39 silly cache add   type: 'tag' }
40 silly addNamed zmq@latest
41 verbose addNamed "latest" is being treated as a dist-tag for zmq
42 info addNameTag [ 'zmq', 'latest' ]
43 silly mapToRegistry name zmq
44 silly mapToRegistry using default registry
45 silly mapToRegistry registry https://registry.npm.taobao.org/
46 silly mapToRegistry data Result {
46 silly mapToRegistry   raw: 'zmq',
46 silly mapToRegistry   scope: null,
46 silly mapToRegistry   escapedName: 'zmq',
46 silly mapToRegistry   name: 'zmq',
46 silly mapToRegistry   rawSpec: '',
46 silly mapToRegistry   spec: 'latest',
46 silly mapToRegistry   type: 'tag' }
47 silly mapToRegistry uri https://registry.npm.taobao.org/zmq
48 verbose addNameTag registry:https://registry.npm.taobao.org/zmq not in flight; fetching
49 verbose get https://registry.npm.taobao.org/zmq not expired, no request
50 silly addNameTag next cb for zmq with tag latest
51 silly addNamed zmq@2.15.3
52 verbose addNamed "2.15.3" is a plain semver version for zmq
53 silly mapToRegistry name zmq
54 silly mapToRegistry using default registry
55 silly mapToRegistry registry https://registry.npm.taobao.org/
56 silly mapToRegistry data Result {
56 silly mapToRegistry   raw: 'zmq',
56 silly mapToRegistry   scope: null,
56 silly mapToRegistry   escapedName: 'zmq',
56 silly mapToRegistry   name: 'zmq',
56 silly mapToRegistry   rawSpec: '',
56 silly mapToRegistry   spec: 'latest',
56 silly mapToRegistry   type: 'tag' }
57 silly mapToRegistry uri https://registry.npm.taobao.org/zmq
58 verbose addRemoteTarball https://registry.npm.taobao.org/zmq/download/zmq-2.15.3.tgz not in flight; adding
59 verbose addRemoteTarball [ 'https://registry.npm.taobao.org/zmq/download/zmq-2.15.3.tgz',
59 verbose addRemoteTarball   '66c6de82cc36b09734b820703776490a6fbbe624' ]
60 info retry fetch attempt 1 at 10:50:25
61 info attempt registry request try #1 at 10:50:25
62 http fetch GET https://registry.npm.taobao.org/zmq/download/zmq-2.15.3.tgz
63 http fetch 200 https://registry.npm.taobao.org/zmq/download/zmq-2.15.3.tgz
64 silly fetchAndShaCheck shasum 66c6de82cc36b09734b820703776490a6fbbe624
65 verbose addTmpTarball C:\Users\75339\AppData\Local\Temp\npm-9444-9ecbb83b\registry.npm.taobao.org\zmq\download\zmq-2.15.3.tgz not in flight; adding
66 verbose addTmpTarball already have metadata; skipping unpack for zmq@2.15.3
67 verbose correctMkdir C:\Users\75339\AppData\Roaming\npm-cache correctMkdir not in flight; initializing
68 silly cache afterAdd zmq@2.15.3
69 verbose afterAdd C:\Users\75339\AppData\Roaming\npm-cache\zmq\2.15.3\package\package.json not in flight; writing
70 verbose correctMkdir C:\Users\75339\AppData\Roaming\npm-cache correctMkdir not in flight; initializing
71 verbose afterAdd C:\Users\75339\AppData\Roaming\npm-cache\zmq\2.15.3\package\package.json written
72 silly fetchNamedPackageData nan
73 silly mapToRegistry name nan
74 silly mapToRegistry using default registry
75 silly mapToRegistry registry https://registry.npm.taobao.org/
76 silly mapToRegistry data Result {
76 silly mapToRegistry   raw: 'nan',
76 silly mapToRegistry   scope: null,
76 silly mapToRegistry   escapedName: 'nan',
76 silly mapToRegistry   name: 'nan',
76 silly mapToRegistry   rawSpec: '',
76 silly mapToRegistry   spec: 'latest',
76 silly mapToRegistry   type: 'tag' }
77 silly mapToRegistry uri https://registry.npm.taobao.org/nan
78 silly fetchNamedPackageData bindings
79 silly mapToRegistry name bindings
80 silly mapToRegistry using default registry
81 silly mapToRegistry registry https://registry.npm.taobao.org/
82 silly mapToRegistry data Result {
82 silly mapToRegistry   raw: 'bindings',
82 silly mapToRegistry   scope: null,
82 silly mapToRegistry   escapedName: 'bindings',
82 silly mapToRegistry   name: 'bindings',
82 silly mapToRegistry   rawSpec: '',
82 silly mapToRegistry   spec: 'latest',
82 silly mapToRegistry   type: 'tag' }
83 silly mapToRegistry uri https://registry.npm.taobao.org/bindings
84 verbose request uri https://registry.npm.taobao.org/bindings
85 verbose request no auth needed
86 info attempt registry request try #1 at 10:50:26
87 http request GET https://registry.npm.taobao.org/bindings
88 verbose request uri https://registry.npm.taobao.org/nan
89 verbose request no auth needed
90 info attempt registry request try #1 at 10:50:26
91 verbose etag "1fd86-S9xJThpzvRqDAvM7g+98Yg"
92 http request GET https://registry.npm.taobao.org/nan
93 http 200 https://registry.npm.taobao.org/bindings
94 verbose headers { date: 'Tue, 21 Mar 2017 02:48:39 GMT',
94 verbose headers   'content-type': 'application/json; charset=utf-8',
94 verbose headers   'content-length': '19332',
94 verbose headers   connection: 'keep-alive',
94 verbose headers   'x-current-requests': '1',
94 verbose headers   etag: '"4b84-DxHTnmywtKspmq4UQZaVUA"',
94 verbose headers   'x-readtime': '17' }
95 silly get cb [ 200,
95 silly get   { date: 'Tue, 21 Mar 2017 02:48:39 GMT',
95 silly get     'content-type': 'application/json; charset=utf-8',
95 silly get     'content-length': '19332',
95 silly get     connection: 'keep-alive',
95 silly get     'x-current-requests': '1',
95 silly get     etag: '"4b84-DxHTnmywtKspmq4UQZaVUA"',
95 silly get     'x-readtime': '17' } ]
96 verbose get saving bindings to C:\Users\75339\AppData\Roaming\npm-cache\registry.npm.taobao.org\bindings\.cache.json
97 verbose correctMkdir C:\Users\75339\AppData\Roaming\npm-cache correctMkdir not in flight; initializing
98 silly resolveWithNewModule bindings@1.2.1 checking installable status
99 silly cache add args [ 'bindings@~1.2.1', null ]
100 verbose cache add spec bindings@~1.2.1
101 silly cache add parsed spec Result {
101 silly cache add   raw: 'bindings@~1.2.1',
101 silly cache add   scope: null,
101 silly cache add   escapedName: 'bindings',
101 silly cache add   name: 'bindings',
101 silly cache add   rawSpec: '~1.2.1',
101 silly cache add   spec: '>=1.2.1 <1.3.0',
101 silly cache add   type: 'range' }
102 silly addNamed bindings@>=1.2.1 <1.3.0
103 verbose addNamed ">=1.2.1 <1.3.0" is a valid semver range for bindings
104 silly addNameRange { name: 'bindings', range: '>=1.2.1 <1.3.0', hasData: false }
105 silly mapToRegistry name bindings
106 silly mapToRegistry using default registry
107 silly mapToRegistry registry https://registry.npm.taobao.org/
108 silly mapToRegistry data Result {
108 silly mapToRegistry   raw: 'bindings',
108 silly mapToRegistry   scope: null,
108 silly mapToRegistry   escapedName: 'bindings',
108 silly mapToRegistry   name: 'bindings',
108 silly mapToRegistry   rawSpec: '',
108 silly mapToRegistry   spec: 'latest',
108 silly mapToRegistry   type: 'tag' }
109 silly mapToRegistry uri https://registry.npm.taobao.org/bindings
110 verbose addNameRange registry:https://registry.npm.taobao.org/bindings not in flight; fetching
111 verbose get https://registry.npm.taobao.org/bindings not expired, no request
112 silly addNameRange number 2 { name: 'bindings', range: '>=1.2.1 <1.3.0', hasData: true }
113 silly addNameRange versions [ 'bindings',
113 silly addNameRange   [ '1.2.1',
113 silly addNameRange     '1.2.0',
113 silly addNameRange     '1.1.1',
113 silly addNameRange     '1.1.0',
113 silly addNameRange     '1.0.0',
113 silly addNameRange     '0.4.0',
113 silly addNameRange     '0.3.0',
113 silly addNameRange     '0.2.4',
113 silly addNameRange     '0.2.3',
113 silly addNameRange     '0.2.2',
113 silly addNameRange     '0.2.1',
113 silly addNameRange     '0.2.0',
113 silly addNameRange     '0.1.1',
113 silly addNameRange     '0.1.0',
113 silly addNameRange     '0.0.1' ] ]
114 silly addNamed bindings@1.2.1
115 verbose addNamed "1.2.1" is a plain semver version for bindings
116 silly mapToRegistry name bindings
117 silly mapToRegistry using default registry
118 silly mapToRegistry registry https://registry.npm.taobao.org/
119 silly mapToRegistry data Result {
119 silly mapToRegistry   raw: 'bindings',
119 silly mapToRegistry   scope: null,
119 silly mapToRegistry   escapedName: 'bindings',
119 silly mapToRegistry   name: 'bindings',
119 silly mapToRegistry   rawSpec: '',
119 silly mapToRegistry   spec: 'latest',
119 silly mapToRegistry   type: 'tag' }
120 silly mapToRegistry uri https://registry.npm.taobao.org/bindings
121 verbose addRemoteTarball https://registry.npm.taobao.org/bindings/download/bindings-1.2.1.tgz not in flight; adding
122 verbose addRemoteTarball [ 'https://registry.npm.taobao.org/bindings/download/bindings-1.2.1.tgz',
122 verbose addRemoteTarball   '14ad6113812d2d37d72e67b4cacb4bb726505f11' ]
123 info retry fetch attempt 1 at 10:50:26
124 info attempt registry request try #1 at 10:50:26
125 http fetch GET https://registry.npm.taobao.org/bindings/download/bindings-1.2.1.tgz
126 http fetch 200 https://registry.npm.taobao.org/bindings/download/bindings-1.2.1.tgz
127 silly fetchAndShaCheck shasum 14ad6113812d2d37d72e67b4cacb4bb726505f11
128 verbose addTmpTarball C:\Users\75339\AppData\Local\Temp\npm-9444-9ecbb83b\registry.npm.taobao.org\bindings\download\bindings-1.2.1.tgz not in flight; adding
129 verbose addTmpTarball already have metadata; skipping unpack for bindings@1.2.1
130 verbose correctMkdir C:\Users\75339\AppData\Roaming\npm-cache correctMkdir not in flight; initializing
131 silly cache afterAdd bindings@1.2.1
132 verbose afterAdd C:\Users\75339\AppData\Roaming\npm-cache\bindings\1.2.1\package\package.json not in flight; writing
133 verbose correctMkdir C:\Users\75339\AppData\Roaming\npm-cache correctMkdir not in flight; initializing
134 verbose afterAdd C:\Users\75339\AppData\Roaming\npm-cache\bindings\1.2.1\package\package.json written
135 http 200 https://registry.npm.taobao.org/nan
136 verbose headers { date: 'Tue, 21 Mar 2017 02:48:39 GMT',
136 verbose headers   'content-type': 'application/json; charset=utf-8',
136 verbose headers   'content-length': '130451',
136 verbose headers   connection: 'keep-alive',
136 verbose headers   'x-current-requests': '1',
136 verbose headers   etag: '"1fd93-w0XtRpDA0pQAQ0fKcqurQg"',
136 verbose headers   'x-readtime': '209' }
137 silly get cb [ 200,
137 silly get   { date: 'Tue, 21 Mar 2017 02:48:39 GMT',
137 silly get     'content-type': 'application/json; charset=utf-8',
137 silly get     'content-length': '130451',
137 silly get     connection: 'keep-alive',
137 silly get     'x-current-requests': '1',
137 silly get     etag: '"1fd93-w0XtRpDA0pQAQ0fKcqurQg"',
137 silly get     'x-readtime': '209' } ]
138 verbose get saving nan to C:\Users\75339\AppData\Roaming\npm-cache\registry.npm.taobao.org\nan\.cache.json
139 verbose correctMkdir C:\Users\75339\AppData\Roaming\npm-cache correctMkdir not in flight; initializing
140 silly resolveWithNewModule nan@2.3.5 checking installable status
141 silly cache add args [ 'nan@~2.3.0', null ]
142 verbose cache add spec nan@~2.3.0
143 silly cache add parsed spec Result {
143 silly cache add   raw: 'nan@~2.3.0',
143 silly cache add   scope: null,
143 silly cache add   escapedName: 'nan',
143 silly cache add   name: 'nan',
143 silly cache add   rawSpec: '~2.3.0',
143 silly cache add   spec: '>=2.3.0 <2.4.0',
143 silly cache add   type: 'range' }
144 silly addNamed nan@>=2.3.0 <2.4.0
145 verbose addNamed ">=2.3.0 <2.4.0" is a valid semver range for nan
146 silly addNameRange { name: 'nan', range: '>=2.3.0 <2.4.0', hasData: false }
147 silly mapToRegistry name nan
148 silly mapToRegistry using default registry
149 silly mapToRegistry registry https://registry.npm.taobao.org/
150 silly mapToRegistry data Result {
150 silly mapToRegistry   raw: 'nan',
150 silly mapToRegistry   scope: null,
150 silly mapToRegistry   escapedName: 'nan',
150 silly mapToRegistry   name: 'nan',
150 silly mapToRegistry   rawSpec: '',
150 silly mapToRegistry   spec: 'latest',
150 silly mapToRegistry   type: 'tag' }
151 silly mapToRegistry uri https://registry.npm.taobao.org/nan
152 verbose addNameRange registry:https://registry.npm.taobao.org/nan not in flight; fetching
153 verbose get https://registry.npm.taobao.org/nan not expired, no request
154 silly addNameRange number 2 { name: 'nan', range: '>=2.3.0 <2.4.0', hasData: true }
155 silly addNameRange versions [ 'nan',
155 silly addNameRange   [ '2.5.1',
155 silly addNameRange     '2.5.0',
155 silly addNameRange     '2.4.0',
155 silly addNameRange     '2.3.5',
155 silly addNameRange     '2.3.4',
155 silly addNameRange     '2.3.3',
155 silly addNameRange     '2.3.2',
155 silly addNameRange     '2.3.1',
155 silly addNameRange     '2.3.0',
155 silly addNameRange     '2.2.1',
155 silly addNameRange     '2.2.0',
155 silly addNameRange     '2.1.0',
155 silly addNameRange     '2.0.9',
155 silly addNameRange     '2.0.8',
155 silly addNameRange     '2.0.7',
155 silly addNameRange     '2.0.6',
155 silly addNameRange     '2.0.5',
155 silly addNameRange     '2.0.4',
155 silly addNameRange     '2.0.3',
155 silly addNameRange     '2.0.2',
155 silly addNameRange     '2.0.1',
155 silly addNameRange     '2.0.0',
155 silly addNameRange     '1.9.0',
155 silly addNameRange     '1.8.4',
155 silly addNameRange     '1.8.3',
155 silly addNameRange     '1.8.2',
155 silly addNameRange     '1.8.1',
155 silly addNameRange     '1.8.0',
155 silly addNameRange     '1.7.0',
155 silly addNameRange     '1.6.2',
155 silly addNameRange     '1.6.1',
155 silly addNameRange     '1.5.3',
155 silly addNameRange     '1.6.0',
155 silly addNameRange     '1.5.2',
155 silly addNameRange     '1.5.1',
155 silly addNameRange     '1.4.3',
155 silly addNameRange     '1.4.2',
155 silly addNameRange     '1.5.0',
155 silly addNameRange     '1.4.1',
155 silly addNameRange     '1.4.0',
155 silly addNameRange     '1.3.0',
155 silly addNameRange     '1.2.0',
155 silly addNameRange     '1.1.2',
155 silly addNameRange     '1.1.1',
155 silly addNameRange     '1.1.0',
155 silly addNameRange     '1.0.0',
155 silly addNameRange     '0.8.0',
155 silly addNameRange     '0.7.1',
155 silly addNameRange     '0.7.0',
155 silly addNameRange     '0.6.0',
155 silly addNameRange     '0.5.2',
155 silly addNameRange     '0.5.1',
155 silly addNameRange     '0.5.0',
155 silly addNameRange     '0.4.4',
155 silly addNameRange     '0.4.3',
155 silly addNameRange     '0.4.2',
155 silly addNameRange     '0.4.1',
155 silly addNameRange     '0.4.0',
155 silly addNameRange     '0.3.2',
155 silly addNameRange     '0.3.1',
155 silly addNameRange     '0.3.0',
155 silly addNameRange     '0.3.0-wip2',
155 silly addNameRange     '0.3.0-wip' ] ]
156 silly addNamed nan@2.3.5
157 verbose addNamed "2.3.5" is a plain semver version for nan
158 silly mapToRegistry name nan
159 silly mapToRegistry using default registry
160 silly mapToRegistry registry https://registry.npm.taobao.org/
161 silly mapToRegistry data Result {
161 silly mapToRegistry   raw: 'nan',
161 silly mapToRegistry   scope: null,
161 silly mapToRegistry   escapedName: 'nan',
161 silly mapToRegistry   name: 'nan',
161 silly mapToRegistry   rawSpec: '',
161 silly mapToRegistry   spec: 'latest',
161 silly mapToRegistry   type: 'tag' }
162 silly mapToRegistry uri https://registry.npm.taobao.org/nan
163 verbose addRemoteTarball https://registry.npm.taobao.org/nan/download/nan-2.3.5.tgz not in flight; adding
164 verbose addRemoteTarball [ 'https://registry.npm.taobao.org/nan/download/nan-2.3.5.tgz',
164 verbose addRemoteTarball   '822a0dc266290ce4cd3a12282ca3e7e364668a08' ]
165 info retry fetch attempt 1 at 10:50:27
166 info attempt registry request try #1 at 10:50:27
167 http fetch GET https://registry.npm.taobao.org/nan/download/nan-2.3.5.tgz
168 http fetch 200 https://registry.npm.taobao.org/nan/download/nan-2.3.5.tgz
169 silly fetchAndShaCheck shasum 822a0dc266290ce4cd3a12282ca3e7e364668a08
170 verbose addTmpTarball C:\Users\75339\AppData\Local\Temp\npm-9444-9ecbb83b\registry.npm.taobao.org\nan\download\nan-2.3.5.tgz not in flight; adding
171 verbose addTmpTarball already have metadata; skipping unpack for nan@2.3.5
172 verbose correctMkdir C:\Users\75339\AppData\Roaming\npm-cache correctMkdir not in flight; initializing
173 silly cache afterAdd nan@2.3.5
174 verbose afterAdd C:\Users\75339\AppData\Roaming\npm-cache\nan\2.3.5\package\package.json not in flight; writing
175 verbose correctMkdir C:\Users\75339\AppData\Roaming\npm-cache correctMkdir not in flight; initializing
176 verbose afterAdd C:\Users\75339\AppData\Roaming\npm-cache\nan\2.3.5\package\package.json written
177 silly loadAllDepsIntoIdealTree Finishing
178 silly loadIdealTree Finishing
179 silly currentTree myapp@0.0.0
179 silly currentTree +-- accepts@1.3.3
179 silly currentTree +-- acorn-globals@1.0.9
179 silly currentTree +-- acorn@2.7.0
179 silly currentTree +-- align-text@0.1.4
179 silly currentTree +-- amdefine@1.0.1
179 silly currentTree +-- array-flatten@1.1.1
179 silly currentTree +-- asap@1.0.0
179 silly currentTree +-- basic-auth@1.0.4
179 silly currentTree +-- body-parser@1.16.1
179 silly currentTree | `-- debug@2.6.1
179 silly currentTree +-- bytes@2.4.0
179 silly currentTree +-- camelcase@1.2.1
179 silly currentTree +-- center-align@0.1.3
179 silly currentTree +-- character-parser@1.2.1
179 silly currentTree +-- clean-css@3.4.25
179 silly currentTree | `-- commander@2.8.1
179 silly currentTree +-- cliui@2.1.0
179 silly currentTree | `-- wordwrap@0.0.2
179 silly currentTree +-- commander@2.6.0
179 silly currentTree +-- constantinople@3.0.2
179 silly currentTree +-- content-disposition@0.5.2
179 silly currentTree +-- content-type@1.0.2
179 silly currentTree +-- cookie-parser@1.4.3
179 silly currentTree +-- cookie-signature@1.0.6
179 silly currentTree +-- cookie@0.3.1
179 silly currentTree +-- css-parse@1.0.4
179 silly currentTree +-- css-stringify@1.0.5
179 silly currentTree +-- css@1.0.8
179 silly currentTree +-- debug@2.6.3
179 silly currentTree +-- decamelize@1.2.0
179 silly currentTree +-- depd@1.1.0
179 silly currentTree +-- destroy@1.0.4
179 silly currentTree +-- ee-first@1.1.1
179 silly currentTree +-- ejs@2.5.6
179 silly currentTree +-- encodeurl@1.0.1
179 silly currentTree +-- escape-html@1.0.3
179 silly currentTree +-- etag@1.7.0
179 silly currentTree +-- express@4.14.1
179 silly currentTree | +-- debug@2.2.0
179 silly currentTree | +-- ms@0.7.1
179 silly currentTree | `-- qs@6.2.0
179 silly currentTree +-- finalhandler@0.5.1
179 silly currentTree | +-- debug@2.2.0
179 silly currentTree | `-- ms@0.7.1
179 silly currentTree +-- forwarded@0.1.0
179 silly currentTree +-- fresh@0.3.0
179 silly currentTree +-- graceful-readlink@1.0.1
179 silly currentTree +-- http-errors@1.5.1
179 silly currentTree +-- iconv-lite@0.4.15
179 silly currentTree +-- inherits@2.0.3
179 silly currentTree +-- ipaddr.js@1.2.0
179 silly currentTree +-- is-buffer@1.1.5
179 silly currentTree +-- is-promise@2.1.0
179 silly currentTree +-- jade@1.11.0
179 silly currentTree +-- jstransformer@0.0.2
179 silly currentTree +-- kind-of@3.1.0
179 silly currentTree +-- lazy-cache@1.0.4
179 silly currentTree +-- longest@1.0.1
179 silly currentTree +-- media-typer@0.3.0
179 silly currentTree +-- merge-descriptors@1.0.1
179 silly currentTree +-- methods@1.1.2
179 silly currentTree +-- mime-db@1.26.0
179 silly currentTree +-- mime-types@2.1.14
179 silly currentTree +-- mime@1.3.4
179 silly currentTree +-- minimist@0.0.8
179 silly currentTree +-- mkdirp@0.5.1
179 silly currentTree +-- morgan@1.7.0
179 silly currentTree | +-- debug@2.2.0
179 silly currentTree | `-- ms@0.7.1
179 silly currentTree +-- ms@0.7.2
179 silly currentTree +-- negotiator@0.6.1
179 silly currentTree +-- on-finished@2.3.0
179 silly currentTree +-- on-headers@1.0.1
179 silly currentTree +-- optimist@0.3.7
179 silly currentTree +-- parseurl@1.3.1
179 silly currentTree +-- path-to-regexp@0.1.7
179 silly currentTree +-- promise@6.1.0
179 silly currentTree +-- proxy-addr@1.1.3
179 silly currentTree +-- qs@6.2.1
179 silly currentTree +-- range-parser@1.2.0
179 silly currentTree +-- raw-body@2.2.0
179 silly currentTree +-- repeat-string@1.6.1
179 silly currentTree +-- right-align@0.1.3
179 silly currentTree +-- send@0.14.2
179 silly currentTree | `-- debug@2.2.0
179 silly currentTree |   `-- ms@0.7.1
179 silly currentTree +-- serve-favicon@2.3.2
179 silly currentTree +-- serve-static@1.11.2
179 silly currentTree +-- setprototypeof@1.0.2
179 silly currentTree +-- source-map@0.4.4
179 silly currentTree +-- statuses@1.3.1
179 silly currentTree +-- transformers@2.1.0
179 silly currentTree | +-- is-promise@1.0.1
179 silly currentTree | +-- promise@2.0.0
179 silly currentTree | +-- source-map@0.1.43
179 silly currentTree | `-- uglify-js@2.2.5
179 silly currentTree +-- type-is@1.6.14
179 silly currentTree +-- uglify-js@2.8.14
179 silly currentTree | `-- source-map@0.5.6
179 silly currentTree +-- uglify-to-browserify@1.0.2
179 silly currentTree +-- unpipe@1.0.0
179 silly currentTree +-- utils-merge@1.0.0
179 silly currentTree +-- vary@1.1.1
179 silly currentTree +-- void-elements@2.0.1
179 silly currentTree +-- window-size@0.1.0
179 silly currentTree +-- with@4.0.3
179 silly currentTree | `-- acorn@1.2.2
179 silly currentTree +-- wordwrap@0.0.3
179 silly currentTree `-- yargs@3.10.0
180 silly idealTree myapp@0.0.0
180 silly idealTree +-- accepts@1.3.3
180 silly idealTree +-- acorn-globals@1.0.9
180 silly idealTree +-- acorn@2.7.0
180 silly idealTree +-- align-text@0.1.4
180 silly idealTree +-- amdefine@1.0.1
180 silly idealTree +-- array-flatten@1.1.1
180 silly idealTree +-- asap@1.0.0
180 silly idealTree +-- basic-auth@1.0.4
180 silly idealTree +-- bindings@1.2.1
180 silly idealTree +-- body-parser@1.16.1
180 silly idealTree | `-- debug@2.6.1
180 silly idealTree +-- bytes@2.4.0
180 silly idealTree +-- camelcase@1.2.1
180 silly idealTree +-- center-align@0.1.3
180 silly idealTree +-- character-parser@1.2.1
180 silly idealTree +-- clean-css@3.4.25
180 silly idealTree | `-- commander@2.8.1
180 silly idealTree +-- cliui@2.1.0
180 silly idealTree | `-- wordwrap@0.0.2
180 silly idealTree +-- commander@2.6.0
180 silly idealTree +-- constantinople@3.0.2
180 silly idealTree +-- content-disposition@0.5.2
180 silly idealTree +-- content-type@1.0.2
180 silly idealTree +-- cookie-parser@1.4.3
180 silly idealTree +-- cookie-signature@1.0.6
180 silly idealTree +-- cookie@0.3.1
180 silly idealTree +-- css-parse@1.0.4
180 silly idealTree +-- css-stringify@1.0.5
180 silly idealTree +-- css@1.0.8
180 silly idealTree +-- debug@2.6.3
180 silly idealTree +-- decamelize@1.2.0
180 silly idealTree +-- depd@1.1.0
180 silly idealTree +-- destroy@1.0.4
180 silly idealTree +-- ee-first@1.1.1
180 silly idealTree +-- ejs@2.5.6
180 silly idealTree +-- encodeurl@1.0.1
180 silly idealTree +-- escape-html@1.0.3
180 silly idealTree +-- etag@1.7.0
180 silly idealTree +-- express@4.14.1
180 silly idealTree | +-- debug@2.2.0
180 silly idealTree | +-- ms@0.7.1
180 silly idealTree | `-- qs@6.2.0
180 silly idealTree +-- finalhandler@0.5.1
180 silly idealTree | +-- debug@2.2.0
180 silly idealTree | `-- ms@0.7.1
180 silly idealTree +-- forwarded@0.1.0
180 silly idealTree +-- fresh@0.3.0
180 silly idealTree +-- graceful-readlink@1.0.1
180 silly idealTree +-- http-errors@1.5.1
180 silly idealTree +-- iconv-lite@0.4.15
180 silly idealTree +-- inherits@2.0.3
180 silly idealTree +-- ipaddr.js@1.2.0
180 silly idealTree +-- is-buffer@1.1.5
180 silly idealTree +-- is-promise@2.1.0
180 silly idealTree +-- jade@1.11.0
180 silly idealTree +-- jstransformer@0.0.2
180 silly idealTree +-- kind-of@3.1.0
180 silly idealTree +-- lazy-cache@1.0.4
180 silly idealTree +-- longest@1.0.1
180 silly idealTree +-- media-typer@0.3.0
180 silly idealTree +-- merge-descriptors@1.0.1
180 silly idealTree +-- methods@1.1.2
180 silly idealTree +-- mime-db@1.26.0
180 silly idealTree +-- mime-types@2.1.14
180 silly idealTree +-- mime@1.3.4
180 silly idealTree +-- minimist@0.0.8
180 silly idealTree +-- mkdirp@0.5.1
180 silly idealTree +-- morgan@1.7.0
180 silly idealTree | +-- debug@2.2.0
180 silly idealTree | `-- ms@0.7.1
180 silly idealTree +-- ms@0.7.2
180 silly idealTree +-- nan@2.3.5
180 silly idealTree +-- negotiator@0.6.1
180 silly idealTree +-- on-finished@2.3.0
180 silly idealTree +-- on-headers@1.0.1
180 silly idealTree +-- optimist@0.3.7
180 silly idealTree +-- parseurl@1.3.1
180 silly idealTree +-- path-to-regexp@0.1.7
180 silly idealTree +-- promise@6.1.0
180 silly idealTree +-- proxy-addr@1.1.3
180 silly idealTree +-- qs@6.2.1
180 silly idealTree +-- range-parser@1.2.0
180 silly idealTree +-- raw-body@2.2.0
180 silly idealTree +-- repeat-string@1.6.1
180 silly idealTree +-- right-align@0.1.3
180 silly idealTree +-- send@0.14.2
180 silly idealTree | `-- debug@2.2.0
180 silly idealTree |   `-- ms@0.7.1
180 silly idealTree +-- serve-favicon@2.3.2
180 silly idealTree +-- serve-static@1.11.2
180 silly idealTree +-- setprototypeof@1.0.2
180 silly idealTree +-- source-map@0.4.4
180 silly idealTree +-- statuses@1.3.1
180 silly idealTree +-- transformers@2.1.0
180 silly idealTree | +-- is-promise@1.0.1
180 silly idealTree | +-- promise@2.0.0
180 silly idealTree | +-- source-map@0.1.43
180 silly idealTree | `-- uglify-js@2.2.5
180 silly idealTree +-- type-is@1.6.14
180 silly idealTree +-- uglify-js@2.8.14
180 silly idealTree | `-- source-map@0.5.6
180 silly idealTree +-- uglify-to-browserify@1.0.2
180 silly idealTree +-- unpipe@1.0.0
180 silly idealTree +-- utils-merge@1.0.0
180 silly idealTree +-- vary@1.1.1
180 silly idealTree +-- void-elements@2.0.1
180 silly idealTree +-- window-size@0.1.0
180 silly idealTree +-- with@4.0.3
180 silly idealTree | `-- acorn@1.2.2
180 silly idealTree +-- wordwrap@0.0.3
180 silly idealTree +-- yargs@3.10.0
180 silly idealTree `-- zmq@2.15.3
181 silly generateActionsToTake Starting
182 silly install generateActionsToTake
183 silly generateActionsToTake Finishing
184 silly diffTrees action count 3
185 silly diffTrees add bindings@1.2.1
186 silly diffTrees add nan@2.3.5
187 silly diffTrees add zmq@2.15.3
188 silly decomposeActions action count 24
189 silly decomposeActions fetch bindings@1.2.1
190 silly decomposeActions extract bindings@1.2.1
191 silly decomposeActions test bindings@1.2.1
192 silly decomposeActions preinstall bindings@1.2.1
193 silly decomposeActions build bindings@1.2.1
194 silly decomposeActions install bindings@1.2.1
195 silly decomposeActions postinstall bindings@1.2.1
196 silly decomposeActions finalize bindings@1.2.1
197 silly decomposeActions fetch nan@2.3.5
198 silly decomposeActions extract nan@2.3.5
199 silly decomposeActions test nan@2.3.5
200 silly decomposeActions preinstall nan@2.3.5
201 silly decomposeActions build nan@2.3.5
202 silly decomposeActions install nan@2.3.5
203 silly decomposeActions postinstall nan@2.3.5
204 silly decomposeActions finalize nan@2.3.5
205 silly decomposeActions fetch zmq@2.15.3
206 silly decomposeActions extract zmq@2.15.3
207 silly decomposeActions test zmq@2.15.3
208 silly decomposeActions preinstall zmq@2.15.3
209 silly decomposeActions build zmq@2.15.3
210 silly decomposeActions install zmq@2.15.3
211 silly decomposeActions postinstall zmq@2.15.3
212 silly decomposeActions finalize zmq@2.15.3
213 silly runTopLevelLifecycles Starting
214 silly executeActions Starting
215 silly install executeActions
216 silly doSerial global-install 0
217 silly doParallel fetch 3
218 verbose correctMkdir C:\Users\75339\AppData\Roaming\npm-cache\_locks correctMkdir not in flight; initializing
219 verbose lock using C:\Users\75339\AppData\Roaming\npm-cache\_locks\staging-9a165b10d246c9da.lock for E:\fistBlood\myapp\node_modules\.staging
220 silly doParallel extract 3
221 silly extract bindings@1.2.1
222 silly extract nan@2.3.5
223 silly extract zmq@2.15.3
224 verbose unbuild node_modules\.staging\nan-c3ba9147
225 verbose unbuild node_modules\.staging\bindings-b91845f8
226 verbose unbuild node_modules\.staging\zmq-ef546f01
227 silly gentlyRm E:\fistBlood\myapp\node_modules\.staging\nan-c3ba9147 is being purged from base E:\fistBlood\myapp
228 verbose gentlyRm don't care about contents; nuking E:\fistBlood\myapp\node_modules\.staging\nan-c3ba9147
229 silly gentlyRm E:\fistBlood\myapp\node_modules\.staging\bindings-b91845f8 is being purged from base E:\fistBlood\myapp
230 verbose gentlyRm don't care about contents; nuking E:\fistBlood\myapp\node_modules\.staging\bindings-b91845f8
231 verbose tar unpack C:\Users\75339\AppData\Roaming\npm-cache\nan\2.3.5\package.tgz
232 verbose tar unpacking to E:\fistBlood\myapp\node_modules\.staging\nan-c3ba9147
233 silly gentlyRm E:\fistBlood\myapp\node_modules\.staging\nan-c3ba9147 is being purged
234 verbose gentlyRm don't care about contents; nuking E:\fistBlood\myapp\node_modules\.staging\nan-c3ba9147
235 verbose tar unpack C:\Users\75339\AppData\Roaming\npm-cache\bindings\1.2.1\package.tgz
236 verbose tar unpacking to E:\fistBlood\myapp\node_modules\.staging\bindings-b91845f8
237 silly gentlyRm E:\fistBlood\myapp\node_modules\.staging\bindings-b91845f8 is being purged
238 verbose gentlyRm don't care about contents; nuking E:\fistBlood\myapp\node_modules\.staging\bindings-b91845f8
239 silly gentlyRm E:\fistBlood\myapp\node_modules\.staging\zmq-ef546f01 is being purged from base E:\fistBlood\myapp
240 verbose gentlyRm don't care about contents; nuking E:\fistBlood\myapp\node_modules\.staging\zmq-ef546f01
241 silly gunzTarPerm modes [ '777', '666' ]
242 silly gunzTarPerm modes [ '777', '666' ]
243 verbose tar unpack C:\Users\75339\AppData\Roaming\npm-cache\zmq\2.15.3\package.tgz
244 verbose tar unpacking to E:\fistBlood\myapp\node_modules\.staging\zmq-ef546f01
245 silly gentlyRm E:\fistBlood\myapp\node_modules\.staging\zmq-ef546f01 is being purged
246 verbose gentlyRm don't care about contents; nuking E:\fistBlood\myapp\node_modules\.staging\zmq-ef546f01
247 silly gunzTarPerm modes [ '777', '666' ]
248 silly gunzTarPerm extractEntry package.json
249 silly gunzTarPerm modified mode [ 'package.json', 436, 438 ]
250 silly gunzTarPerm extractEntry package.json
251 silly gunzTarPerm modified mode [ 'package.json', 420, 438 ]
252 silly gunzTarPerm extractEntry package.json
253 silly gunzTarPerm modified mode [ 'package.json', 420, 438 ]
254 silly gunzTarPerm extractEntry README.md
255 silly gunzTarPerm modified mode [ 'README.md', 436, 438 ]
256 silly gunzTarPerm extractEntry README.md
257 silly gunzTarPerm modified mode [ 'README.md', 420, 438 ]
258 silly gunzTarPerm extractEntry bindings.js
259 silly gunzTarPerm modified mode [ 'bindings.js', 420, 438 ]
260 silly gunzTarPerm extractEntry include_dirs.js
261 silly gunzTarPerm modified mode [ 'include_dirs.js', 436, 438 ]
262 silly gunzTarPerm extractEntry .npmignore
263 silly gunzTarPerm modified mode [ '.npmignore', 420, 438 ]
264 silly gunzTarPerm extractEntry README.md
265 silly gunzTarPerm modified mode [ 'README.md', 420, 438 ]
266 silly gunzTarPerm extractEntry nan_converters.h
267 silly gunzTarPerm modified mode [ 'nan_converters.h', 436, 438 ]
268 silly gunzTarPerm extractEntry LICENSE.md
269 silly gunzTarPerm modified mode [ 'LICENSE.md', 436, 438 ]
270 silly gunzTarPerm extractEntry doc/node_misc.md
271 silly gunzTarPerm modified mode [ 'doc/node_misc.md', 436, 438 ]
272 silly gunzTarPerm extractEntry LICENSE
273 silly gunzTarPerm modified mode [ 'LICENSE', 420, 438 ]
274 silly gunzTarPerm extractEntry index.js
275 silly gunzTarPerm modified mode [ 'index.js', 420, 438 ]
276 silly gunzTarPerm extractEntry doc/asyncworker.md
277 silly gunzTarPerm modified mode [ 'doc/asyncworker.md', 436, 438 ]
278 silly gunzTarPerm extractEntry binding.gyp
279 silly gunzTarPerm modified mode [ 'binding.gyp', 420, 438 ]
280 silly gunzTarPerm extractEntry Makefile
281 silly gunzTarPerm modified mode [ 'Makefile', 420, 438 ]
282 silly gunzTarPerm extractEntry doc/callback.md
283 silly gunzTarPerm modified mode [ 'doc/callback.md', 436, 438 ]
284 silly gunzTarPerm extractEntry doc/converters.md
285 silly gunzTarPerm modified mode [ 'doc/converters.md', 436, 438 ]
286 silly gunzTarPerm extractEntry .travis.yml
287 silly gunzTarPerm modified mode [ '.travis.yml', 420, 438 ]
288 silly gunzTarPerm extractEntry appveyor.yml
289 silly gunzTarPerm modified mode [ 'appveyor.yml', 420, 438 ]
290 silly gunzTarPerm extractEntry doc/errors.md
291 silly gunzTarPerm modified mode [ 'doc/errors.md', 436, 438 ]
292 silly gunzTarPerm extractEntry doc/maybe_types.md
293 silly gunzTarPerm modified mode [ 'doc/maybe_types.md', 436, 438 ]
294 silly gunzTarPerm extractEntry doc/methods.md
295 silly gunzTarPerm modified mode [ 'doc/methods.md', 436, 438 ]
296 silly gunzTarPerm extractEntry doc/new.md
297 silly gunzTarPerm modified mode [ 'doc/new.md', 436, 438 ]
298 silly gunzTarPerm extractEntry binding.cc
299 silly gunzTarPerm modified mode [ 'binding.cc', 420, 438 ]
300 silly gunzTarPerm extractEntry examples/dealer_router.js
301 silly gunzTarPerm modified mode [ 'examples/dealer_router.js', 420, 438 ]
302 silly gentlyRm E:\fistBlood\myapp\node_modules\.staging\bindings-b91845f8\node_modules is being purged
303 verbose gentlyRm don't care about contents; nuking E:\fistBlood\myapp\node_modules\.staging\bindings-b91845f8\node_modules
304 silly gunzTarPerm extractEntry doc/buffers.md
305 silly gunzTarPerm modified mode [ 'doc/buffers.md', 436, 438 ]
306 silly gunzTarPerm extractEntry doc/object_wrappers.md
307 silly gunzTarPerm modified mode [ 'doc/object_wrappers.md', 436, 438 ]
308 silly gunzTarPerm extractEntry examples/pub_sub.js
309 silly gunzTarPerm modified mode [ 'examples/pub_sub.js', 420, 438 ]
310 silly gunzTarPerm extractEntry examples/push_pull.js
311 silly gunzTarPerm modified mode [ 'examples/push_pull.js', 420, 438 ]
312 silly gunzTarPerm extractEntry examples/rep_req.js
313 silly gunzTarPerm modified mode [ 'examples/rep_req.js', 420, 438 ]
314 silly gunzTarPerm extractEntry examples/req_rep.js
315 silly gunzTarPerm modified mode [ 'examples/req_rep.js', 420, 438 ]
316 silly gunzTarPerm extractEntry doc/persistent.md
317 silly gunzTarPerm modified mode [ 'doc/persistent.md', 436, 438 ]
318 silly gunzTarPerm extractEntry doc/scopes.md
319 silly gunzTarPerm modified mode [ 'doc/scopes.md', 436, 438 ]
320 silly gunzTarPerm extractEntry examples/router_dealer.js
321 silly gunzTarPerm modified mode [ 'examples/router_dealer.js', 420, 438 ]
322 silly gunzTarPerm extractEntry examples/rpc.js
323 silly gunzTarPerm modified mode [ 'examples/rpc.js', 420, 438 ]
324 silly gunzTarPerm extractEntry doc/script.md
325 silly gunzTarPerm modified mode [ 'doc/script.md', 436, 438 ]
326 silly gunzTarPerm extractEntry doc/string_bytes.md
327 silly gunzTarPerm modified mode [ 'doc/string_bytes.md', 436, 438 ]
328 silly gunzTarPerm extractEntry examples/devices/forwarder.js
329 silly gunzTarPerm modified mode [ 'examples/devices/forwarder.js', 420, 438 ]
330 silly gunzTarPerm extractEntry examples/devices/queue.js
331 silly gunzTarPerm modified mode [ 'examples/devices/queue.js', 420, 438 ]
332 silly gunzTarPerm extractEntry doc/v8_internals.md
333 silly gunzTarPerm modified mode [ 'doc/v8_internals.md', 436, 438 ]
334 silly gunzTarPerm extractEntry doc/v8_misc.md
335 silly gunzTarPerm modified mode [ 'doc/v8_misc.md', 436, 438 ]
336 silly gunzTarPerm extractEntry examples/devices/streamer.js
337 silly gunzTarPerm modified mode [ 'examples/devices/streamer.js', 420, 438 ]
338 silly gunzTarPerm extractEntry examples/workers/producer.js
339 silly gunzTarPerm modified mode [ 'examples/workers/producer.js', 420, 438 ]
340 silly gunzTarPerm extractEntry examples/workers/worker.js
341 silly gunzTarPerm modified mode [ 'examples/workers/worker.js', 420, 438 ]
342 silly gunzTarPerm extractEntry History.md
343 silly gunzTarPerm modified mode [ 'History.md', 420, 438 ]
344 silly gunzTarPerm extractEntry nan.h
345 silly gunzTarPerm modified mode [ 'nan.h', 436, 438 ]
346 silly gunzTarPerm extractEntry nan_callbacks.h
347 silly gunzTarPerm modified mode [ 'nan_callbacks.h', 436, 438 ]
348 silly gunzTarPerm extractEntry nan_callbacks_12_inl.h
349 silly gunzTarPerm modified mode [ 'nan_callbacks_12_inl.h', 436, 438 ]
350 silly gunzTarPerm extractEntry nan_callbacks_pre_12_inl.h
351 silly gunzTarPerm modified mode [ 'nan_callbacks_pre_12_inl.h', 436, 438 ]
352 silly gunzTarPerm extractEntry nan_converters_43_inl.h
353 silly gunzTarPerm modified mode [ 'nan_converters_43_inl.h', 436, 438 ]
354 silly gunzTarPerm extractEntry nan_converters_pre_43_inl.h
355 silly gunzTarPerm modified mode [ 'nan_converters_pre_43_inl.h', 436, 438 ]
356 silly gunzTarPerm extractEntry nan_implementation_12_inl.h
357 silly gunzTarPerm modified mode [ 'nan_implementation_12_inl.h', 436, 438 ]
358 silly gunzTarPerm extractEntry nan_implementation_pre_12_inl.h
359 silly gunzTarPerm modified mode [ 'nan_implementation_pre_12_inl.h', 436, 438 ]
360 silly gunzTarPerm extractEntry nan_maybe_43_inl.h
361 silly gunzTarPerm modified mode [ 'nan_maybe_43_inl.h', 436, 438 ]
362 silly gunzTarPerm extractEntry nan_maybe_pre_43_inl.h
363 silly gunzTarPerm modified mode [ 'nan_maybe_pre_43_inl.h', 436, 438 ]
364 silly gunzTarPerm extractEntry nan_new.h
365 silly gunzTarPerm modified mode [ 'nan_new.h', 436, 438 ]
366 silly gunzTarPerm extractEntry nan_object_wrap.h
367 silly gunzTarPerm modified mode [ 'nan_object_wrap.h', 436, 438 ]
368 silly gunzTarPerm extractEntry nan_persistent_12_inl.h
369 silly gunzTarPerm modified mode [ 'nan_persistent_12_inl.h', 436, 438 ]
370 silly gunzTarPerm extractEntry nan_persistent_pre_12_inl.h
371 silly gunzTarPerm modified mode [ 'nan_persistent_pre_12_inl.h', 436, 438 ]
372 silly gunzTarPerm extractEntry nan_string_bytes.h
373 silly gunzTarPerm modified mode [ 'nan_string_bytes.h', 436, 438 ]
374 silly gunzTarPerm extractEntry nan_typedarray_contents.h
375 silly gunzTarPerm modified mode [ 'nan_typedarray_contents.h', 436, 438 ]
376 silly gunzTarPerm extractEntry nan_weak.h
377 silly gunzTarPerm modified mode [ 'nan_weak.h', 436, 438 ]
378 silly gunzTarPerm extractEntry CHANGELOG.md
379 silly gunzTarPerm modified mode [ 'CHANGELOG.md', 436, 438 ]
380 silly gunzTarPerm extractEntry tools/package.json
381 silly gunzTarPerm modified mode [ 'tools/package.json', 436, 438 ]
382 silly gunzTarPerm extractEntry tools/README.md
383 silly gunzTarPerm modified mode [ 'tools/README.md', 436, 438 ]
384 silly gunzTarPerm extractEntry tools/1to2.js
385 silly gunzTarPerm modified mode [ 'tools/1to2.js', 509, 511 ]
386 silly gunzTarPerm extractEntry lib/index.js
387 silly gunzTarPerm modified mode [ 'lib/index.js', 420, 438 ]
388 silly gunzTarPerm extractEntry test/context.js
389 silly gunzTarPerm modified mode [ 'test/context.js', 420, 438 ]
390 silly gunzTarPerm extractEntry test/socket.monitor.js
391 silly gunzTarPerm modified mode [ 'test/socket.monitor.js', 420, 438 ]
392 silly gunzTarPerm extractEntry test/socket.pair.js
393 silly gunzTarPerm modified mode [ 'test/socket.pair.js', 420, 438 ]
394 silly gunzTarPerm extractEntry test/socket.pub-sub.js
395 silly gunzTarPerm modified mode [ 'test/socket.pub-sub.js', 420, 438 ]
396 silly gunzTarPerm extractEntry test/socket.messages.js
397 silly gunzTarPerm modified mode [ 'test/socket.messages.js', 420, 438 ]
398 silly gunzTarPerm extractEntry test/exports.js
399 silly gunzTarPerm modified mode [ 'test/exports.js', 420, 438 ]
400 silly gunzTarPerm extractEntry test/socket.router.js
401 silly gunzTarPerm modified mode [ 'test/socket.router.js', 420, 438 ]
402 silly gunzTarPerm extractEntry test/socket.stream.js
403 silly gunzTarPerm modified mode [ 'test/socket.stream.js', 420, 438 ]
404 silly gunzTarPerm extractEntry test/socket.unbind.js
405 silly gunzTarPerm modified mode [ 'test/socket.unbind.js', 420, 438 ]
406 silly gunzTarPerm extractEntry test/socket.xpub-xsub.js
407 silly gunzTarPerm modified mode [ 'test/socket.xpub-xsub.js', 420, 438 ]
408 silly gunzTarPerm extractEntry test/socket.js
409 silly gunzTarPerm modified mode [ 'test/socket.js', 420, 438 ]
410 silly gunzTarPerm extractEntry test/socket.zap.js
411 silly gunzTarPerm modified mode [ 'test/socket.zap.js', 420, 438 ]
412 silly gunzTarPerm extractEntry test/socket.events.js
413 silly gunzTarPerm modified mode [ 'test/socket.events.js', 420, 438 ]
414 silly gunzTarPerm extractEntry test/zap.js
415 silly gunzTarPerm modified mode [ 'test/zap.js', 420, 438 ]
416 silly gunzTarPerm extractEntry test/socket.error-callback.js
417 silly gunzTarPerm modified mode [ 'test/socket.error-callback.js', 420, 438 ]
418 silly gunzTarPerm extractEntry test/zmq_proxy.js
419 silly gunzTarPerm modified mode [ 'test/zmq_proxy.js', 420, 438 ]
420 silly gunzTarPerm extractEntry test/zmq_proxy.xpub-xsub.js
421 silly gunzTarPerm modified mode [ 'test/zmq_proxy.xpub-xsub.js', 420, 438 ]
422 silly gunzTarPerm extractEntry test/zmq_proxy.push-pull.js
423 silly gunzTarPerm modified mode [ 'test/zmq_proxy.push-pull.js', 420, 438 ]
424 silly gunzTarPerm extractEntry test/gc.js
425 silly gunzTarPerm modified mode [ 'test/gc.js', 420, 438 ]
426 silly gunzTarPerm extractEntry test/zmq_proxy.router-dealer.js
427 silly gunzTarPerm modified mode [ 'test/zmq_proxy.router-dealer.js', 420, 438 ]
428 silly gunzTarPerm extractEntry test/socket.push-pull.js
429 silly gunzTarPerm modified mode [ 'test/socket.push-pull.js', 420, 438 ]
430 silly gunzTarPerm extractEntry test/zmq_proxy.xrep-xreq.js
431 silly gunzTarPerm modified mode [ 'test/zmq_proxy.xrep-xreq.js', 420, 438 ]
432 silly gunzTarPerm extractEntry test/socket.req-rep.js
433 silly gunzTarPerm modified mode [ 'test/socket.req-rep.js', 420, 438 ]
434 silly gunzTarPerm extractEntry test/mocha.opts
435 silly gunzTarPerm modified mode [ 'test/mocha.opts', 420, 438 ]
436 silly gunzTarPerm extractEntry .editorconfig
437 silly gunzTarPerm modified mode [ '.editorconfig', 420, 438 ]
438 silly gunzTarPerm extractEntry perf/local_lat.js
439 silly gunzTarPerm modified mode [ 'perf/local_lat.js', 420, 438 ]
440 silly gunzTarPerm extractEntry perf/local_thr.js
441 silly gunzTarPerm modified mode [ 'perf/local_thr.js', 420, 438 ]
442 silly gunzTarPerm extractEntry perf/remote_lat.js
443 silly gunzTarPerm modified mode [ 'perf/remote_lat.js', 420, 438 ]
444 silly gunzTarPerm extractEntry perf/remote_thr.js
445 silly gunzTarPerm modified mode [ 'perf/remote_thr.js', 420, 438 ]
446 silly gunzTarPerm extractEntry windows/include/zmq.h
447 silly gunzTarPerm modified mode [ 'windows/include/zmq.h', 420, 438 ]
448 silly gunzTarPerm extractEntry windows/include/zmq_utils.h
449 silly gunzTarPerm modified mode [ 'windows/include/zmq_utils.h', 420, 438 ]
450 silly gunzTarPerm extractEntry windows/lib/x64/libzmq-v100-mt-4_0_4.dll
451 silly gunzTarPerm modified mode [ 'windows/lib/x64/libzmq-v100-mt-4_0_4.dll', 420, 438 ]
452 silly gunzTarPerm extractEntry windows/lib/x64/libzmq-v100-mt-4_0_4.lib
453 silly gunzTarPerm modified mode [ 'windows/lib/x64/libzmq-v100-mt-4_0_4.lib', 420, 438 ]
454 silly gunzTarPerm extractEntry windows/lib/x86/libzmq-v100-mt-4_0_4.dll
455 silly gunzTarPerm modified mode [ 'windows/lib/x86/libzmq-v100-mt-4_0_4.dll', 420, 438 ]
456 silly gunzTarPerm extractEntry windows/lib/x86/libzmq-v100-mt-4_0_4.lib
457 silly gunzTarPerm modified mode [ 'windows/lib/x86/libzmq-v100-mt-4_0_4.lib', 420, 438 ]
458 silly gentlyRm E:\fistBlood\myapp\node_modules\.staging\nan-c3ba9147\node_modules is being purged
459 verbose gentlyRm don't care about contents; nuking E:\fistBlood\myapp\node_modules\.staging\nan-c3ba9147\node_modules
460 silly gentlyRm E:\fistBlood\myapp\node_modules\.staging\zmq-ef546f01\node_modules is being purged
461 verbose gentlyRm don't care about contents; nuking E:\fistBlood\myapp\node_modules\.staging\zmq-ef546f01\node_modules
462 silly doParallel preinstall 3
463 silly preinstall bindings@1.2.1 E:\fistBlood\myapp\node_modules\.staging\bindings-b91845f8
464 info lifecycle bindings@1.2.1~preinstall: bindings@1.2.1
465 silly preinstall nan@2.3.5 E:\fistBlood\myapp\node_modules\.staging\nan-c3ba9147
466 info lifecycle nan@2.3.5~preinstall: nan@2.3.5
467 silly preinstall zmq@2.15.3 E:\fistBlood\myapp\node_modules\.staging\zmq-ef546f01
468 info lifecycle zmq@2.15.3~preinstall: zmq@2.15.3
469 silly lifecycle bindings@1.2.1~preinstall: no script for preinstall, continuing
470 silly lifecycle nan@2.3.5~preinstall: no script for preinstall, continuing
471 silly lifecycle zmq@2.15.3~preinstall: no script for preinstall, continuing
472 silly doReverseSerial remove 0
473 silly doSerial move 0
474 silly doSerial finalize 3
475 silly finalize E:\fistBlood\myapp\node_modules\bindings
476 silly finalize E:\fistBlood\myapp\node_modules\nan
477 silly finalize E:\fistBlood\myapp\node_modules\zmq
478 silly doSerial build 3
479 silly build bindings@1.2.1
480 info linkStuff bindings@1.2.1
481 silly linkStuff bindings@1.2.1 has E:\fistBlood\myapp\node_modules as its parent node_modules
482 verbose linkBins bindings@1.2.1
483 verbose linkMans bindings@1.2.1
484 silly build nan@2.3.5
485 info linkStuff nan@2.3.5
486 silly linkStuff nan@2.3.5 has E:\fistBlood\myapp\node_modules as its parent node_modules
487 verbose linkBins nan@2.3.5
488 verbose linkMans nan@2.3.5
489 silly build zmq@2.15.3
490 info linkStuff zmq@2.15.3
491 silly linkStuff zmq@2.15.3 has E:\fistBlood\myapp\node_modules as its parent node_modules
492 verbose linkBins zmq@2.15.3
493 verbose linkMans zmq@2.15.3
494 silly doSerial global-link 0
495 silly doParallel update-linked 0
496 silly doSerial install 3
497 silly install bindings@1.2.1 E:\fistBlood\myapp\node_modules\.staging\bindings-b91845f8
498 info lifecycle bindings@1.2.1~install: bindings@1.2.1
499 silly lifecycle bindings@1.2.1~install: no script for install, continuing
500 silly install nan@2.3.5 E:\fistBlood\myapp\node_modules\.staging\nan-c3ba9147
501 info lifecycle nan@2.3.5~install: nan@2.3.5
502 silly lifecycle nan@2.3.5~install: no script for install, continuing
503 silly install zmq@2.15.3 E:\fistBlood\myapp\node_modules\.staging\zmq-ef546f01
504 info lifecycle zmq@2.15.3~install: zmq@2.15.3
505 verbose lifecycle zmq@2.15.3~install: unsafe-perm in lifecycle true
506 verbose lifecycle zmq@2.15.3~install: PATH: C:\Program Files\nodejs\node_modules\npm\bin\node-gyp-bin;E:\fistBlood\myapp\node_modules\zmq\node_modules\.bin;E:\fistBlood\myapp\node_modules\.bin;C:\Users\75339\bin;D:\Program Files\Git\mingw64\bin;D:\Program Files\Git\usr\local\bin;D:\Program Files\Git\usr\bin;D:\Program Files\Git\usr\bin;D:\Program Files\Git\mingw64\bin;D:\Program Files\Git\usr\bin;C:\Users\75339\bin;C:\WINDOWS\system32;C:\WINDOWS;C:\WINDOWS\System32\Wbem;C:\WINDOWS\System32\WindowsPowerShell\v1.0;C:\Program Files\TortoiseGit\bin;C:\xampp\mysql\bin;C:\Program Files\nodejs;C:\Program Files\TortoiseSVN\bin;C:\Users\75339\AppData\Local\Microsoft\WindowsApps;C:\Users\75339\AppData\Roaming\npm;D:\Program Files\Git\usr\bin\vendor_perl;D:\Program Files\Git\usr\bin\core_perl
507 verbose lifecycle zmq@2.15.3~install: CWD: E:\fistBlood\myapp\node_modules\zmq
508 silly lifecycle zmq@2.15.3~install: Args: [ '/d /s /c', 'node-gyp rebuild' ]
509 silly lifecycle zmq@2.15.3~install: Returned: code: 1  signal: null
510 info lifecycle zmq@2.15.3~install: Failed to exec install script
511 verbose unlock done using C:\Users\75339\AppData\Roaming\npm-cache\_locks\staging-9a165b10d246c9da.lock for E:\fistBlood\myapp\node_modules\.staging
512 silly rollbackFailedOptional Starting
513 silly rollbackFailedOptional Finishing
514 silly runTopLevelLifecycles Finishing
515 silly install printInstalled
516 verbose stack Error: zmq@2.15.3 install: `node-gyp rebuild`
516 verbose stack Exit status 1
516 verbose stack     at EventEmitter.<anonymous> (C:\Program Files\nodejs\node_modules\npm\lib\utils\lifecycle.js:255:16)
516 verbose stack     at emitTwo (events.js:106:13)
516 verbose stack     at EventEmitter.emit (events.js:191:7)
516 verbose stack     at ChildProcess.<anonymous> (C:\Program Files\nodejs\node_modules\npm\lib\utils\spawn.js:40:14)
516 verbose stack     at emitTwo (events.js:106:13)
516 verbose stack     at ChildProcess.emit (events.js:191:7)
516 verbose stack     at maybeClose (internal/child_process.js:885:16)
516 verbose stack     at Process.ChildProcess._handle.onexit (internal/child_process.js:226:5)
517 verbose pkgid zmq@2.15.3
518 verbose cwd E:\fistBlood\myapp
519 error Windows_NT 10.0.14393
520 error argv "C:\\Program Files\\nodejs\\node.exe" "C:\\Program Files\\nodejs\\node_modules\\npm\\bin\\npm-cli.js" "install" "zmq"
521 error node v7.1.0
522 error npm  v3.10.9
523 error code ELIFECYCLE
524 error zmq@2.15.3 install: `node-gyp rebuild`
524 error Exit status 1
525 error Failed at the zmq@2.15.3 install script 'node-gyp rebuild'.
525 error Make sure you have the latest version of node.js and npm installed.
525 error If you do, this is most likely a problem with the zmq package,
525 error not with npm itself.
525 error Tell the author that this fails on your system:
525 error     node-gyp rebuild
525 error You can get information on how to open an issue for this project with:
525 error     npm bugs zmq
525 error Or if that isn't available, you can get their info via:
525 error     npm owner ls zmq
525 error There is likely additional logging output above.
526 verbose exit [ 1, true ]
